{
  "stats": {
    "suites": 1,
    "tests": 3,
    "passes": 3,
    "pending": 0,
    "failures": 0,
    "start": "2025-01-16T17:32:45.622Z",
    "end": "2025-01-16T17:32:57.355Z",
    "duration": 11733,
    "testsRegistered": 3,
    "passPercent": 100,
    "pendingPercent": 0,
    "other": 0,
    "hasOther": false,
    "skipped": 0,
    "hasSkipped": false
  },
  "results": [
    {
      "uuid": "86ff6288-ed91-45ed-9df8-b21783345b95",
      "title": "",
      "fullFile": "e2e\\CBDDTest.spec.js",
      "file": "e2e\\CBDDTest.spec.js",
      "beforeHooks": [],
      "afterHooks": [],
      "tests": [],
      "suites": [
        {
          "uuid": "516dea97-2bca-467a-990d-7fd8cb340d92",
          "title": "Assertion test suite",
          "fullFile": "",
          "file": "",
          "beforeHooks": [],
          "afterHooks": [],
          "tests": [
            {
              "title": "checkbox",
              "fullTitle": "Assertion test suite checkbox",
              "timedOut": null,
              "duration": 1485,
              "state": "passed",
              "speed": "fast",
              "pass": true,
              "fail": false,
              "pending": false,
              "context": "{\n  \"title\": \"cypress-mochawesome-reporter-videos-passed\",\n  \"value\": \"e2e\\\\CBDDTest.spec.js\"\n}",
              "code": "cy.visit(\"https://the-internet.herokuapp.com/dynamic_controls\");\ncy.get(\"input[type='checkbox']\").should(\"not.be.checked\");\ncy.get(\"input[type='checkbox']\").check();\ncy.get(\"input[type='checkbox']\").should(\"be.checked\");\ncy.get(\"input[type='checkbox']\").uncheck();\ncy.get(\"input[type='checkbox']\").should(\"not.be.checked\");",
              "err": {},
              "uuid": "3ac1999b-28ac-4227-9d70-a2706db5a9e9",
              "parentUUID": "516dea97-2bca-467a-990d-7fd8cb340d92",
              "isHook": false,
              "skipped": false
            },
            {
              "title": "dropdown",
              "fullTitle": "Assertion test suite dropdown",
              "timedOut": null,
              "duration": 345,
              "state": "passed",
              "speed": "fast",
              "pass": true,
              "fail": false,
              "pending": false,
              "context": "{\n  \"title\": \"cypress-mochawesome-reporter-videos-passed\",\n  \"value\": \"e2e\\\\CBDDTest.spec.js\"\n}",
              "code": "cy.visit(\"https://the-internet.herokuapp.com/dropdown\");\ncy.get(\"select#dropdown\").select(1);\ncy.get(\"select#dropdown\" + \" option:selected\").should(\"have.text\", \"Option 1\");",
              "err": {},
              "uuid": "d42f41f2-42ce-4ff8-a23a-702412646c7f",
              "parentUUID": "516dea97-2bca-467a-990d-7fd8cb340d92",
              "isHook": false,
              "skipped": false
            },
            {
              "title": "Hover on dd test",
              "fullTitle": "Assertion test suite Hover on dd test",
              "timedOut": null,
              "duration": 5691,
              "state": "passed",
              "speed": "medium",
              "pass": true,
              "fail": false,
              "pending": false,
              "context": "{\n  \"title\": \"cypress-mochawesome-reporter-videos-passed\",\n  \"value\": \"e2e\\\\CBDDTest.spec.js\"\n}",
              "code": "cy.visit(\"https://magento.softwaretestingboard.com/\");\ncy.get(\"a#ui-id-6\").trigger('mouseover');\ncy.get(\"a#ui-id-25\").click();\ncy.url().should(\"include\", \"bags\");\ncy.get(\"input#search\").type(\"Fusion\");\ncy.get(\"div#search_autocomplete li span.qs-option-name\").each($element => {\n  if ($element.text() == \" Fusion Backpack\") {\n    cy.wrap($element).click({\n      force: true\n    });\n  }\n});\ncy.get(\"div.breadcrumbs strong\").should(\"contain\", \"Search results for: 'Fusion Backpack'\");",
              "err": {},
              "uuid": "0ef107f7-c299-45cf-b3ef-8847a8903b65",
              "parentUUID": "516dea97-2bca-467a-990d-7fd8cb340d92",
              "isHook": false,
              "skipped": false
            }
          ],
          "suites": [],
          "passes": [
            "3ac1999b-28ac-4227-9d70-a2706db5a9e9",
            "d42f41f2-42ce-4ff8-a23a-702412646c7f",
            "0ef107f7-c299-45cf-b3ef-8847a8903b65"
          ],
          "failures": [],
          "pending": [],
          "skipped": [],
          "duration": 7521,
          "root": false,
          "rootEmpty": false,
          "_timeout": 2000
        }
      ],
      "passes": [],
      "failures": [],
      "pending": [],
      "skipped": [],
      "duration": 0,
      "root": true,
      "rootEmpty": true,
      "_timeout": 2000
    }
  ],
  "meta": {
    "mocha": {
      "version": "7.0.1"
    },
    "mochawesome": {
      "options": {
        "quiet": false,
        "reportFilename": "mochawesome",
        "saveHtml": true,
        "saveJson": true,
        "consoleReporter": "spec",
        "useInlineDiffs": false,
        "code": true
      },
      "version": "7.1.3"
    },
    "marge": {
      "options": null,
      "version": "6.2.0"
    }
  }
}